2025-03-31 17:54:54,367 - HTTP Request: GET https://api.testnet.paradex.trade/v1/system/config "HTTP/1.1 200 OK"
2025-03-31 17:54:54,371 - ParadexApiClient: SystemConfig:SystemConfig(starknet_gateway_url='https://potc-testnet-sepolia.starknet.io', starknet_fullnode_rpc_url='https://pathfinder.api.testnet.paradex.trade/rpc/v0_7', starknet_chain_id='PRIVATE_SN_POTC_SEPOLIA', block_explorer_url='https://voyager.testnet.paradex.trade/', paraclear_address='0x286003f7c7bfc3f94e8f0af48b48302e7aee2fb13c23b141479ba00832ef2c6', paraclear_decimals=8, paraclear_account_proxy_hash='0x3530cc4759d78042f1b543bf797f5f3d647cde0388c33734cf91b7f7b9314a9', paraclear_account_hash='0x41cb0280ebadaa75f996d8d92c6f265f6d040bb3ba442e5f86a554f1765244e', oracle_address='0x7e6ebfbd4538f082fd3469437ebe28c1bd26a7d11c2de76174bdfff1668576', bridged_tokens=[BridgedToken(name='TEST USDC', symbol='USDC', decimals=6, l1_token_address='0x29A873159D5e14AcBd63913D4A7E2df04570c666', l1_bridge_address='0x8586e05adc0C35aa11609023d4Ae6075Cb813b4C', l2_token_address='0x6f373b346561036d98ea10fb3e60d2f459c872b1933b50b21fe6ef4fda3b75e', l2_bridge_address='0x46e9237f5408b5f899e72125dd69bd55485a287aaf24663d3ebe00d237fc7ef')], l1_core_contract_address='0x582CC5d9b509391232cd544cDF9da036e55833Af', l1_operator_address='0x11bACdFbBcd3Febe5e8CEAa75E0Ef6444d9B45FB', l1_chain_id='11155111', liquidation_fee='0.5')
2025-03-31 17:54:54,631 - HTTP Request: POST https://api.testnet.paradex.trade/v1/onboarding "HTTP/1.1 200 OK"
2025-03-31 17:54:54,764 - HTTP Request: POST https://api.testnet.paradex.trade/v1/auth "HTTP/1.1 200 OK"
2025-03-31 17:54:55,282 - HTTP Request: GET https://api.testnet.paradex.trade/v1/health "HTTP/1.1 401 Unauthorized"
2025-03-31 17:54:55,418 - HTTP Request: POST https://api.testnet.paradex.trade/v1/onboarding "HTTP/1.1 200 OK"
2025-03-31 17:54:55,418 - 账户 account5 onboarding 成功
2025-03-31 17:54:55,547 - HTTP Request: POST https://api.testnet.paradex.trade/v1/auth "HTTP/1.1 200 OK"
2025-03-31 17:54:55,547 - 账户 account5 初始JWT设置成功
2025-03-31 17:54:56,039 - HTTP Request: GET https://api.testnet.paradex.trade/v1/system/config "HTTP/1.1 200 OK"
2025-03-31 17:54:56,041 - ParadexApiClient: SystemConfig:SystemConfig(starknet_gateway_url='https://potc-testnet-sepolia.starknet.io', starknet_fullnode_rpc_url='https://pathfinder.api.testnet.paradex.trade/rpc/v0_7', starknet_chain_id='PRIVATE_SN_POTC_SEPOLIA', block_explorer_url='https://voyager.testnet.paradex.trade/', paraclear_address='0x286003f7c7bfc3f94e8f0af48b48302e7aee2fb13c23b141479ba00832ef2c6', paraclear_decimals=8, paraclear_account_proxy_hash='0x3530cc4759d78042f1b543bf797f5f3d647cde0388c33734cf91b7f7b9314a9', paraclear_account_hash='0x41cb0280ebadaa75f996d8d92c6f265f6d040bb3ba442e5f86a554f1765244e', oracle_address='0x7e6ebfbd4538f082fd3469437ebe28c1bd26a7d11c2de76174bdfff1668576', bridged_tokens=[BridgedToken(name='TEST USDC', symbol='USDC', decimals=6, l1_token_address='0x29A873159D5e14AcBd63913D4A7E2df04570c666', l1_bridge_address='0x8586e05adc0C35aa11609023d4Ae6075Cb813b4C', l2_token_address='0x6f373b346561036d98ea10fb3e60d2f459c872b1933b50b21fe6ef4fda3b75e', l2_bridge_address='0x46e9237f5408b5f899e72125dd69bd55485a287aaf24663d3ebe00d237fc7ef')], l1_core_contract_address='0x582CC5d9b509391232cd544cDF9da036e55833Af', l1_operator_address='0x11bACdFbBcd3Febe5e8CEAa75E0Ef6444d9B45FB', l1_chain_id='11155111', liquidation_fee='0.5')
2025-03-31 17:54:56,187 - HTTP Request: POST https://api.testnet.paradex.trade/v1/onboarding "HTTP/1.1 200 OK"
2025-03-31 17:54:56,317 - HTTP Request: POST https://api.testnet.paradex.trade/v1/auth "HTTP/1.1 200 OK"
2025-03-31 17:54:56,849 - HTTP Request: GET https://api.testnet.paradex.trade/v1/health "HTTP/1.1 401 Unauthorized"
2025-03-31 17:54:56,984 - HTTP Request: POST https://api.testnet.paradex.trade/v1/onboarding "HTTP/1.1 200 OK"
2025-03-31 17:54:56,986 - 账户 account3 onboarding 成功
2025-03-31 17:54:57,117 - HTTP Request: POST https://api.testnet.paradex.trade/v1/auth "HTTP/1.1 200 OK"
2025-03-31 17:54:57,118 - 账户 account3 初始JWT设置成功
2025-03-31 17:54:57,757 - HTTP Request: POST https://api.testnet.paradex.trade/v1/auth "HTTP/1.1 200 OK"
2025-03-31 17:54:57,761 - 账户 account5 的 JWT 已刷新
2025-03-31 17:54:57,905 - HTTP Request: POST https://api.testnet.paradex.trade/v1/auth "HTTP/1.1 200 OK"
2025-03-31 17:54:57,906 - 账户 account3 的 JWT 已刷新
2025-03-31 17:54:59,398 - HTTP Request: GET https://api.testnet.paradex.trade/v1/account "HTTP/1.1 200 OK"
2025-03-31 18:01:17,712 - HTTP Request: POST https://api.testnet.paradex.trade/v1/auth "HTTP/1.1 200 OK"
2025-03-31 18:01:17,930 - 账户 account5 的 JWT 已刷新
